c:\users\17199\desktop\try\mypathtracingrender\mypathtracingrender\x64\release\vc142.pdb
c:\users\17199\desktop\try\mypathtracingrender\mypathtracingrender\x64\release\texture.obj
c:\users\17199\desktop\try\mypathtracingrender\mypathtracingrender\x64\release\pdf.obj
c:\users\17199\desktop\try\mypathtracingrender\mypathtracingrender\x64\release\onb.obj
c:\users\17199\desktop\try\mypathtracingrender\mypathtracingrender\x64\release\microfacet.obj
c:\users\17199\desktop\try\mypathtracingrender\mypathtracingrender\x64\release\material.obj
c:\users\17199\desktop\try\mypathtracingrender\mypathtracingrender\x64\release\main.obj
c:\users\17199\desktop\try\mypathtracingrender\mypathtracingrender\x64\release\hitobject.obj
c:\users\17199\desktop\try\mypathtracingrender\mypathtracingrender\x64\release\bvh.obj
c:\users\17199\desktop\try\mypathtracingrender\mypathtracingrender\x64\release\mypathtracingrender.exe
c:\users\17199\desktop\try\mypathtracingrender\mypathtracingrender\x64\release\mypathtracingrender.pdb
c:\users\17199\desktop\mypathtracingrender\mypathtracingrender\x64\release\mypathtracingrender.ipdb
c:\users\17199\desktop\mypathtracingrender\mypathtracingrender\x64\release\mypathtracingrender.iobj
c:\users\17199\desktop\try\mypathtracingrender\mypathtracingrender\x64\release\mypathtracingrender.ipdb
c:\users\17199\desktop\try\mypathtracingrender\mypathtracingrender\x64\release\mypathtracingrender.iobj
c:\users\17199\desktop\try\mypathtracingrender\mypathtracingrender\x64\release\mypathtr.859dba26.tlog\cl.command.1.tlog
c:\users\17199\desktop\try\mypathtracingrender\mypathtracingrender\x64\release\mypathtr.859dba26.tlog\cl.read.1.tlog
c:\users\17199\desktop\try\mypathtracingrender\mypathtracingrender\x64\release\mypathtr.859dba26.tlog\cl.write.1.tlog
c:\users\17199\desktop\try\mypathtracingrender\mypathtracingrender\x64\release\mypathtr.859dba26.tlog\link.command.1.tlog
c:\users\17199\desktop\try\mypathtracingrender\mypathtracingrender\x64\release\mypathtr.859dba26.tlog\link.read.1.tlog
c:\users\17199\desktop\try\mypathtracingrender\mypathtracingrender\x64\release\mypathtr.859dba26.tlog\link.write.1.tlog
c:\users\17199\desktop\try\mypathtracingrender\mypathtracingrender\x64\release\mypathtr.859dba26.tlog\mypathtracingrender.write.1u.tlog
