  BVH.cpp
C:\Users\17199\Desktop\try\MyPathTracingRender\MyPathTracingRender\Random\Random.h(71,36): warning C4244: “参数”: 从“double”转换到“float”，可能丢失数据
C:\Users\17199\Desktop\try\MyPathTracingRender\MyPathTracingRender\BVH\BVH.cpp(73,3): warning C4267: “初始化”: 从“size_t”转换到“int”，可能丢失数据
  HitObject.cpp
C:\Users\17199\Desktop\try\MyPathTracingRender\MyPathTracingRender\Random\Random.h(71,36): warning C4244: “参数”: 从“double”转换到“float”，可能丢失数据
C:\Users\17199\Desktop\try\MyPathTracingRender\MyPathTracingRender\HitObject\HitObject.cpp(59,59): warning C4244: “参数”: 从“int”转换到“float”，可能丢失数据
  Material.cpp
C:\Users\17199\Desktop\try\MyPathTracingRender\MyPathTracingRender\Random\Random.h(33,28): warning C4244: “参数”: 从“double”转换到“T”，可能丢失数据
          with
          [
              T=float
          ]
C:\Users\17199\Desktop\try\MyPathTracingRender\MyPathTracingRender\Random\Random.h(33,16): warning C4244: “参数”: 从“double”转换到“T”，可能丢失数据
          with
          [
              T=float
          ]
C:\Users\17199\Desktop\try\MyPathTracingRender\MyPathTracingRender\Random\Random.h(62,10): warning C4244: “初始化”: 从“double”转换到“float”，可能丢失数据
C:\Users\17199\Desktop\try\MyPathTracingRender\MyPathTracingRender\Random\Random.h(63,10): warning C4244: “初始化”: 从“double”转换到“float”，可能丢失数据
C:\Users\17199\Desktop\try\MyPathTracingRender\MyPathTracingRender\Random\Random.h(71,36): warning C4244: “参数”: 从“double”转换到“float”，可能丢失数据
C:\Users\17199\Desktop\try\MyPathTracingRender\MyPathTracingRender\Random\Random.h(74,10): warning C4244: “初始化”: 从“double”转换到“float”，可能丢失数据
C:\Users\17199\Desktop\try\MyPathTracingRender\MyPathTracingRender\Random\Random.h(75,10): warning C4244: “初始化”: 从“double”转换到“float”，可能丢失数据
C:\Users\17199\Desktop\try\MyPathTracingRender\MyPathTracingRender\Random\Random.h(84,14): warning C4244: “初始化”: 从“double”转换到“float”，可能丢失数据
C:\Users\17199\Desktop\try\MyPathTracingRender\MyPathTracingRender\Random\Random.h(85,15): warning C4244: “初始化”: 从“double”转换到“float”，可能丢失数据
C:\Users\17199\Desktop\try\MyPathTracingRender\MyPathTracingRender\Random\Random.h(86,15): warning C4244: “初始化”: 从“double”转换到“float”，可能丢失数据
C:\Users\17199\Desktop\try\MyPathTracingRender\MyPathTracingRender\Random\Random.h(87,17): warning C4244: “初始化”: 从“double”转换到“float”，可能丢失数据
C:\Users\17199\Desktop\try\MyPathTracingRender\MyPathTracingRender\Random\Random.h(88,17): warning C4244: “初始化”: 从“double”转换到“float”，可能丢失数据
  ONB.cpp
  PDF.cpp
C:\Users\17199\Desktop\try\MyPathTracingRender\MyPathTracingRender\Random\Random.h(33,28): warning C4244: “参数”: 从“double”转换到“T”，可能丢失数据
          with
          [
              T=float
          ]
C:\Users\17199\Desktop\try\MyPathTracingRender\MyPathTracingRender\Random\Random.h(33,16): warning C4244: “参数”: 从“double”转换到“T”，可能丢失数据
          with
          [
              T=float
          ]
C:\Users\17199\Desktop\try\MyPathTracingRender\MyPathTracingRender\Random\Random.h(62,10): warning C4244: “初始化”: 从“double”转换到“float”，可能丢失数据
C:\Users\17199\Desktop\try\MyPathTracingRender\MyPathTracingRender\Random\Random.h(63,10): warning C4244: “初始化”: 从“double”转换到“float”，可能丢失数据
C:\Users\17199\Desktop\try\MyPathTracingRender\MyPathTracingRender\Random\Random.h(71,36): warning C4244: “参数”: 从“double”转换到“float”，可能丢失数据
C:\Users\17199\Desktop\try\MyPathTracingRender\MyPathTracingRender\Random\Random.h(74,10): warning C4244: “初始化”: 从“double”转换到“float”，可能丢失数据
C:\Users\17199\Desktop\try\MyPathTracingRender\MyPathTracingRender\Random\Random.h(75,10): warning C4244: “初始化”: 从“double”转换到“float”，可能丢失数据
C:\Users\17199\Desktop\try\MyPathTracingRender\MyPathTracingRender\Random\Random.h(84,14): warning C4244: “初始化”: 从“double”转换到“float”，可能丢失数据
C:\Users\17199\Desktop\try\MyPathTracingRender\MyPathTracingRender\Random\Random.h(85,15): warning C4244: “初始化”: 从“double”转换到“float”，可能丢失数据
C:\Users\17199\Desktop\try\MyPathTracingRender\MyPathTracingRender\Random\Random.h(86,15): warning C4244: “初始化”: 从“double”转换到“float”，可能丢失数据
C:\Users\17199\Desktop\try\MyPathTracingRender\MyPathTracingRender\Random\Random.h(87,17): warning C4244: “初始化”: 从“double”转换到“float”，可能丢失数据
C:\Users\17199\Desktop\try\MyPathTracingRender\MyPathTracingRender\Random\Random.h(88,17): warning C4244: “初始化”: 从“double”转换到“float”，可能丢失数据
  Texture.cpp
  main.cpp
C:\Users\17199\Desktop\try\MyPathTracingRender\MyPathTracingRender\ThirdParty\stb\stb_image.h(964,11): warning C4312: “类型强制转换”: 从“int”转换到更大的“unsigned char *”
C:\Users\17199\Desktop\try\MyPathTracingRender\MyPathTracingRender\ThirdParty\stb\stb_image.h(1033,19): warning C4312: “类型强制转换”: 从“int”转换到更大的“unsigned char *”
C:\Users\17199\Desktop\try\MyPathTracingRender\MyPathTracingRender\ThirdParty\stb\stb_image.h(1082,11): warning C4312: “类型强制转换”: 从“int”转换到更大的“float *”
C:\Users\17199\Desktop\try\MyPathTracingRender\MyPathTracingRender\ThirdParty\stb\stb_image.h(1104,19): warning C4312: “类型强制转换”: 从“int”转换到更大的“float *”
C:\Users\17199\Desktop\try\MyPathTracingRender\MyPathTracingRender\ThirdParty\stb\stb_image.h(1330,14): warning C4312: “类型强制转换”: 从“int”转换到更大的“unsigned char *”
C:\Users\17199\Desktop\try\MyPathTracingRender\MyPathTracingRender\ThirdParty\stb\stb_image.h(1368,50): warning C4312: “类型强制转换”: 从“int”转换到更大的“float *”
C:\Users\17199\Desktop\try\MyPathTracingRender\MyPathTracingRender\ThirdParty\stb\stb_image.h(1388,50): warning C4312: “类型强制转换”: 从“int”转换到更大的“unsigned char *”
C:\Users\17199\Desktop\try\MyPathTracingRender\MyPathTracingRender\ThirdParty\stb\stb_image.h(3297,45): warning C4312: “类型强制转换”: 从“int”转换到更大的“unsigned char *”
C:\Users\17199\Desktop\try\MyPathTracingRender\MyPathTracingRender\ThirdParty\stb\stb_image.h(3325,71): warning C4312: “类型强制转换”: 从“int”转换到更大的“unsigned char *”
C:\Users\17199\Desktop\try\MyPathTracingRender\MyPathTracingRender\ThirdParty\stb\stb_image.h(3343,52): warning C4312: “类型强制转换”: 从“int”转换到更大的“unsigned char *”
C:\Users\17199\Desktop\try\MyPathTracingRender\MyPathTracingRender\ThirdParty\stb\stb_image.h(4457,45): warning C4312: “类型强制转换”: 从“int”转换到更大的“unsigned char *”
C:\Users\17199\Desktop\try\MyPathTracingRender\MyPathTracingRender\ThirdParty\stb\stb_image.h(4585,61): warning C4312: “类型强制转换”: 从“int”转换到更大的“unsigned char *”
C:\Users\17199\Desktop\try\MyPathTracingRender\MyPathTracingRender\ThirdParty\stb\stb_image.h(4591,80): warning C4312: “类型强制转换”: 从“int”转换到更大的“unsigned char *”
C:\Users\17199\Desktop\try\MyPathTracingRender\MyPathTracingRender\ThirdParty\stb\stb_image.h(4599,38): warning C4312: “类型强制转换”: 从“int”转换到更大的“unsigned char *”
C:\Users\17199\Desktop\try\MyPathTracingRender\MyPathTracingRender\ThirdParty\stb\stb_image.h(4601,25): warning C4312: “类型强制转换”: 从“int”转换到更大的“unsigned char *”
C:\Users\17199\Desktop\try\MyPathTracingRender\MyPathTracingRender\ThirdParty\stb\stb_image.h(4609,50): warning C4312: “类型强制转换”: 从“int”转换到更大的“unsigned char *”
C:\Users\17199\Desktop\try\MyPathTracingRender\MyPathTracingRender\ThirdParty\stb\stb_image.h(4644,26): warning C4312: “类型强制转换”: 从“int”转换到更大的“unsigned char *”
C:\Users\17199\Desktop\try\MyPathTracingRender\MyPathTracingRender\ThirdParty\stb\stb_image.h(4647,23): warning C4312: “类型强制转换”: 从“int”转换到更大的“unsigned char *”
C:\Users\17199\Desktop\try\MyPathTracingRender\MyPathTracingRender\ThirdParty\stb\stb_image.h(4674,21): warning C4312: “类型强制转换”: 从“int”转换到更大的“unsigned char *”
C:\Users\17199\Desktop\try\MyPathTracingRender\MyPathTracingRender\ThirdParty\stb\stb_image.h(4677,63): warning C4312: “类型强制转换”: 从“int”转换到更大的“unsigned char *”
C:\Users\17199\Desktop\try\MyPathTracingRender\MyPathTracingRender\ThirdParty\stb\stb_image.h(4688,37): warning C4312: “类型强制转换”: 从“int”转换到更大的“unsigned char *”
C:\Users\17199\Desktop\try\MyPathTracingRender\MyPathTracingRender\ThirdParty\stb\stb_image.h(4726,58): warning C4312: “类型强制转换”: 从“int”转换到更大的“unsigned char *”
C:\Users\17199\Desktop\try\MyPathTracingRender\MyPathTracingRender\ThirdParty\stb\stb_image.h(4904,26): warning C4312: “类型强制转换”: 从“int”转换到更大的“unsigned char *”
C:\Users\17199\Desktop\try\MyPathTracingRender\MyPathTracingRender\ThirdParty\stb\stb_image.h(4925,20): warning C4312: “类型强制转换”: 从“int”转换到更大的“unsigned char *”
C:\Users\17199\Desktop\try\MyPathTracingRender\MyPathTracingRender\ThirdParty\stb\stb_image.h(4930,20): warning C4312: “类型强制转换”: 从“int”转换到更大的“unsigned char *”
C:\Users\17199\Desktop\try\MyPathTracingRender\MyPathTracingRender\ThirdParty\stb\stb_image.h(5062,14): warning C4312: “类型强制转换”: 从“int”转换到更大的“unsigned char *”
C:\Users\17199\Desktop\try\MyPathTracingRender\MyPathTracingRender\ThirdParty\stb\stb_image.h(5066,14): warning C4312: “类型强制转换”: 从“int”转换到更大的“unsigned char *”
C:\Users\17199\Desktop\try\MyPathTracingRender\MyPathTracingRender\ThirdParty\stb\stb_image.h(5074,14): warning C4312: “类型强制转换”: 从“int”转换到更大的“unsigned char *”
C:\Users\17199\Desktop\try\MyPathTracingRender\MyPathTracingRender\ThirdParty\stb\stb_image.h(5082,14): warning C4312: “类型强制转换”: 从“int”转换到更大的“unsigned char *”
C:\Users\17199\Desktop\try\MyPathTracingRender\MyPathTracingRender\ThirdParty\stb\stb_image.h(5095,14): warning C4312: “类型强制转换”: 从“int”转换到更大的“unsigned char *”
C:\Users\17199\Desktop\try\MyPathTracingRender\MyPathTracingRender\ThirdParty\stb\stb_image.h(5112,14): warning C4312: “类型强制转换”: 从“int”转换到更大的“unsigned char *”
C:\Users\17199\Desktop\try\MyPathTracingRender\MyPathTracingRender\ThirdParty\stb\stb_image.h(5116,21): warning C4312: “类型强制转换”: 从“int”转换到更大的“unsigned char *”
C:\Users\17199\Desktop\try\MyPathTracingRender\MyPathTracingRender\ThirdParty\stb\stb_image.h(5258,38): warning C4312: “类型强制转换”: 从“int”转换到更大的“unsigned char *”
C:\Users\17199\Desktop\try\MyPathTracingRender\MyPathTracingRender\ThirdParty\stb\stb_image.h(5286,17): warning C4312: “类型强制转换”: 从“int”转换到更大的“unsigned char *”
C:\Users\17199\Desktop\try\MyPathTracingRender\MyPathTracingRender\ThirdParty\stb\stb_image.h(5297,44): warning C4312: “类型强制转换”: 从“int”转换到更大的“unsigned char *”
C:\Users\17199\Desktop\try\MyPathTracingRender\MyPathTracingRender\ThirdParty\stb\stb_image.h(5298,38): warning C4312: “类型强制转换”: 从“int”转换到更大的“unsigned char *”
C:\Users\17199\Desktop\try\MyPathTracingRender\MyPathTracingRender\ThirdParty\stb\stb_image.h(5312,23): warning C4312: “类型强制转换”: 从“int”转换到更大的“unsigned char *”
C:\Users\17199\Desktop\try\MyPathTracingRender\MyPathTracingRender\ThirdParty\stb\stb_image.h(5331,52): warning C4312: “类型强制转换”: 从“int”转换到更大的“unsigned char *”
C:\Users\17199\Desktop\try\MyPathTracingRender\MyPathTracingRender\ThirdParty\stb\stb_image.h(5349,48): warning C4312: “类型强制转换”: 从“int”转换到更大的“unsigned char *”
C:\Users\17199\Desktop\try\MyPathTracingRender\MyPathTracingRender\ThirdParty\stb\stb_image.h(5360,32): warning C4312: “类型强制转换”: 从“int”转换到更大的“unsigned char *”
C:\Users\17199\Desktop\try\MyPathTracingRender\MyPathTracingRender\ThirdParty\stb\stb_image.h(5369,45): warning C4312: “类型强制转换”: 从“int”转换到更大的“unsigned char *”
C:\Users\17199\Desktop\try\MyPathTracingRender\MyPathTracingRender\ThirdParty\stb\stb_image.h(5396,33): warning C4312: “类型强制转换”: 从“int”转换到更大的“unsigned char *”
C:\Users\17199\Desktop\try\MyPathTracingRender\MyPathTracingRender\ThirdParty\stb\stb_image.h(5397,34): warning C4312: “类型强制转换”: 从“int”转换到更大的“unsigned char *”
C:\Users\17199\Desktop\try\MyPathTracingRender\MyPathTracingRender\ThirdParty\stb\stb_image.h(5611,31): warning C4312: “类型强制转换”: 从“int”转换到更大的“unsigned char *”
C:\Users\17199\Desktop\try\MyPathTracingRender\MyPathTracingRender\ThirdParty\stb\stb_image.h(5615,48): warning C4312: “类型强制转换”: 从“int”转换到更大的“unsigned char *”
C:\Users\17199\Desktop\try\MyPathTracingRender\MyPathTracingRender\ThirdParty\stb\stb_image.h(5620,23): warning C4312: “类型强制转换”: 从“int”转换到更大的“unsigned char *”
C:\Users\17199\Desktop\try\MyPathTracingRender\MyPathTracingRender\ThirdParty\stb\stb_image.h(5631,20): warning C4312: “类型强制转换”: 从“int”转换到更大的“unsigned char *”
C:\Users\17199\Desktop\try\MyPathTracingRender\MyPathTracingRender\ThirdParty\stb\stb_image.h(5660,52): warning C4312: “类型强制转换”: 从“int”转换到更大的“unsigned char *”
C:\Users\17199\Desktop\try\MyPathTracingRender\MyPathTracingRender\ThirdParty\stb\stb_image.h(5667,52): warning C4312: “类型强制转换”: 从“int”转换到更大的“unsigned char *”
C:\Users\17199\Desktop\try\MyPathTracingRender\MyPathTracingRender\ThirdParty\stb\stb_image.h(5684,23): warning C4312: “类型强制转换”: 从“int”转换到更大的“unsigned char *”
C:\Users\17199\Desktop\try\MyPathTracingRender\MyPathTracingRender\ThirdParty\stb\stb_image.h(5714,23): warning C4312: “类型强制转换”: 从“int”转换到更大的“unsigned char *”
C:\Users\17199\Desktop\try\MyPathTracingRender\MyPathTracingRender\ThirdParty\stb\stb_image.h(5747,20): warning C4312: “类型强制转换”: 从“int”转换到更大的“unsigned char *”
C:\Users\17199\Desktop\try\MyPathTracingRender\MyPathTracingRender\ThirdParty\stb\stb_image.h(5860,14): warning C4312: “类型强制转换”: 从“int”转换到更大的“float *”
C:\Users\17199\Desktop\try\MyPathTracingRender\MyPathTracingRender\ThirdParty\stb\stb_image.h(5869,26): warning C4312: “类型强制转换”: 从“int”转换到更大的“float *”
C:\Users\17199\Desktop\try\MyPathTracingRender\MyPathTracingRender\ThirdParty\stb\stb_image.h(5874,42): warning C4312: “类型强制转换”: 从“int”转换到更大的“float *”
C:\Users\17199\Desktop\try\MyPathTracingRender\MyPathTracingRender\ThirdParty\stb\stb_image.h(5878,42): warning C4312: “类型强制转换”: 从“int”转换到更大的“float *”
C:\Users\17199\Desktop\try\MyPathTracingRender\MyPathTracingRender\ThirdParty\stb\stb_image.h(5927,79): warning C4312: “类型强制转换”: 从“int”转换到更大的“float *”
C:\Users\17199\Desktop\try\MyPathTracingRender\MyPathTracingRender\ThirdParty\stb\stb_image.h(6142,21): warning C4312: “类型强制转换”: 从“int”转换到更大的“unsigned char *”
C:\Users\17199\Desktop\try\MyPathTracingRender\MyPathTracingRender\Random\Random.h(71,36): warning C4244: “参数”: 从“double”转换到“float”，可能丢失数据
C:\Users\17199\Desktop\try\MyPathTracingRender\MyPathTracingRender\main.cpp(114,12): warning C4244: “return”: 从“WPARAM”转换到“int”，可能丢失数据
C:\Users\17199\Desktop\try\MyPathTracingRender\MyPathTracingRender\main.cpp(158,55): warning C4267: “参数”: 从“size_t”转换到“DWORD”，可能丢失数据
C:\Users\17199\Desktop\try\MyPathTracingRender\MyPathTracingRender\main.cpp(137,6): warning C4101: “i”: 未引用的局部变量
C:\Users\17199\Desktop\try\MyPathTracingRender\MyPathTracingRender\main.cpp(139,10): warning C4101: “bmp”: 未引用的局部变量
C:\Users\17199\Desktop\try\MyPathTracingRender\MyPathTracingRender\main.cpp(169,14): warning C4101: “ps”: 未引用的局部变量
C:\Users\17199\Desktop\try\MyPathTracingRender\MyPathTracingRender\main.cpp(170,6): warning C4101: “i”: 未引用的局部变量
  正在生成代码...
  MyPathTracingRender.vcxproj -> C:\Users\17199\Desktop\try\MyPathTracingRender\MyPathTracingRender\x64\Debug\MyPathTracingRender.exe
